<?xml version="1.0" encoding="UTF-8"?>
<!-- Generated by org.testng.reporters.JUnitReportReporter -->
<testsuite hostname="IBM-1CQ8QM3" name="project1.file" tests="5" failures="0" timestamp="4 Jul 2022 17:34:58 GMT" time="10.371" errors="0">
  <testcase name="deleteSUHRUDHA" time="1.615" classname="project1.file"/>
  <testcase name="postSUHRUDHA" time="3.729" classname="project1.file"/>
  <testcase name="loginSuhrudha" time="1.755" classname="project1.file"/>
  <testcase name="getSUHRUDHA" time="1.552" classname="project1.file"/>
  <testcase name="putSUHRUDHA" time="1.720" classname="project1.file"/>
</testsuite> <!-- project1.file -->
